<?xml version="1.0" encoding="UTF-8"?>
<!-- Generated by org.testng.reporters.JUnitXMLReporter -->
<testsuite ignored="0" hostname="DESKTOP-AETDL9P" failures="1" tests="2" name="Chrome Test" time="27.649" errors="0" timestamp="2022-12-05T18:52:19 CET">
  <testcase classname="tests.RegisterTest" name="registerUserTest" time="7.434">
    <failure type="java.lang.AssertionError" message="The following asserts failed:
	expected [true] but found [false],
	expected [https://practicesoftwaretesting.com/#/accountfdewqf] but found [https://practicesoftwaretesting.com/#/account]">
      <![CDATA[java.lang.AssertionError: The following asserts failed:
expected [true] but found [false],
expected [https://practicesoftwaretesting.com/#/accountfdewqf] but found [https://practicesoftwaretesting.com/#/account]
at tests.RegisterTest.registerUserTest(RegisterTest.java:34)
at java.base/java.util.ArrayList.forEach(ArrayList.java:1541)
... Removed 33 stack frames]]>
    </failure>
  </testcase> <!-- registerUserTest -->
  <testcase classname="tests.LoginTest" name="loginUserTest" time="3.435"/>
</testsuite> <!-- Chrome Test -->
